2018-08-01 09:28:36,723 INFO  [org.wildfly.extension.undertow] (ServerService Thread Pool -- 33) WFLYUT0022: Unregistered web context: '/jsf_course' from server 'default-server'
2018-08-01 09:28:36,963 INFO  [org.jboss.as.server.deployment] (MSC service thread 1-1) WFLYSRV0028: Stopped deployment jsf_course.war (runtime-name: jsf_course.war) in 252ms
2018-08-01 09:28:37,033 INFO  [org.jboss.as.server] (management-handler-thread - 2) WFLYSRV0009: Undeployed "jsf_course.war" (runtime-name: "jsf_course.war")
2018-08-01 09:28:37,033 INFO  [org.jboss.as.controller] (management-handler-thread - 2) WFLYCTL0183: Service status report
WFLYCTL0186:   Services which failed to start:      service jboss.deployment.unit."jsf_course_war_exploded.war".STRUCTURE: WFLYSRV0153: Failed to process phase STRUCTURE of deployment "jsf_course_war_exploded.war"

2018-08-01 09:28:37,103 INFO  [org.jboss.as.server] (management-handler-thread - 2) WFLYSRV0236: Suspending server with no timeout.
2018-08-01 09:28:37,107 INFO  [org.jboss.as.ejb3] (management-handler-thread - 2) WFLYEJB0493: EJB subsystem suspension complete
2018-08-01 09:28:37,116 INFO  [org.jboss.as.server] (Management Triggered Shutdown) WFLYSRV0241: Shutting down in response to management operation 'shutdown'
2018-08-01 09:28:42,283 INFO  [org.jboss.modules] (main) JBoss Modules version 1.8.5.Final
2018-08-01 09:28:44,364 INFO  [org.jboss.msc] (main) JBoss MSC version 1.4.2.Final
2018-08-01 09:28:44,378 INFO  [org.jboss.threads] (main) JBoss Threads version 2.3.2.Final
2018-08-01 09:28:44,534 INFO  [org.jboss.as] (MSC service thread 1-3) WFLYSRV0049: WildFly Full 13.0.0.Final (WildFly Core 5.0.0.Final) starting
2018-08-01 09:28:44,534 DEBUG [org.jboss.as.config] (MSC service thread 1-3) Configured system properties:
	awt.toolkit = sun.awt.windows.WToolkit
	file.encoding = Cp1252
	file.encoding.pkg = sun.io
	file.separator = \
	java.awt.graphicsenv = sun.awt.Win32GraphicsEnvironment
	java.awt.printerjob = sun.awt.windows.WPrinterJob
	java.class.path = C:\Dev_Victor\JSF-Course\wildfly-13.0.0.Final\jboss-modules.jar
	java.class.version = 52.0
	java.endorsed.dirs = C:\Program Files\Java\jdk1.8.0_162\jre\lib\endorsed
	java.ext.dirs = C:\Program Files\Java\jdk1.8.0_162\jre\lib\ext;C:\WINDOWS\Sun\Java\lib\ext
	java.home = C:\Program Files\Java\jdk1.8.0_162\jre
	java.io.tmpdir = C:\Users\jvleitao\AppData\Local\Temp\
	java.library.path = C:\Program Files\Java\jdk1.8.0_162\bin;C:\WINDOWS\Sun\Java\bin;C:\WINDOWS\system32;C:\WINDOWS;C:\Program Files (x86)\Common Files\Oracle\Java\javapath;C:\ProgramData\Oracle\Java\javapath;C:\WINDOWS\system32;C:\WINDOWS;C:\WINDOWS\System32\Wbem;C:\WINDOWS\System32\WindowsPowerShell\v1.0\;C:\Program Files\Java\jdk1.6.0_45\bin;C:\Program Files\Git\cmd;C:\Program Files\nodejs\;C:\WINDOWS\System32\OpenSSH\;C:\Program Files\Microsoft VS Code\bin;C:\Users\jvleitao\AppData\Local\Microsoft\WindowsApps;;C:\Program Files\Microsoft VS Code\bin;C:\Users\jvleitao\AppData\Roaming\npm;.
	java.net.preferIPv4Stack = true
	java.runtime.name = Java(TM) SE Runtime Environment
	java.runtime.version = 1.8.0_162-b12
	java.specification.name = Java Platform API Specification
	java.specification.vendor = Oracle Corporation
	java.specification.version = 1.8
	java.util.logging.manager = org.jboss.logmanager.LogManager
	java.vendor = Oracle Corporation
	java.vendor.url = http://java.oracle.com/
	java.vendor.url.bug = http://bugreport.sun.com/bugreport/
	java.version = 1.8.0_162
	java.vm.info = mixed mode
	java.vm.name = Java HotSpot(TM) 64-Bit Server VM
	java.vm.specification.name = Java Virtual Machine Specification
	java.vm.specification.vendor = Oracle Corporation
	java.vm.specification.version = 1.8
	java.vm.vendor = Oracle Corporation
	java.vm.version = 25.162-b12
	javax.management.builder.initial = org.jboss.as.jmx.PluggableMBeanServerBuilder
	jboss.home.dir = C:\Dev_Victor\JSF-Course\wildfly-13.0.0.Final
	jboss.host.name = desktop-7acfmul
	jboss.modules.dir = C:\Dev_Victor\JSF-Course\wildfly-13.0.0.Final\modules
	jboss.modules.system.pkgs = org.jboss.byteman
	jboss.node.name = desktop-7acfmul
	jboss.qualified.host.name = desktop-7acfmul
	jboss.server.base.dir = C:\Dev_Victor\JSF-Course\wildfly-13.0.0.Final\standalone
	jboss.server.config.dir = C:\Dev_Victor\JSF-Course\wildfly-13.0.0.Final\standalone\configuration
	jboss.server.data.dir = C:\Dev_Victor\JSF-Course\wildfly-13.0.0.Final\standalone\data
	jboss.server.deploy.dir = C:\Dev_Victor\JSF-Course\wildfly-13.0.0.Final\standalone\data\content
	jboss.server.log.dir = C:\Dev_Victor\JSF-Course\wildfly-13.0.0.Final\standalone\log
	jboss.server.name = desktop-7acfmul
	jboss.server.persist.config = true
	jboss.server.temp.dir = C:\Dev_Victor\JSF-Course\wildfly-13.0.0.Final\standalone\tmp
	line.separator = 

	logging.configuration = file:C:\Dev_Victor\JSF-Course\wildfly-13.0.0.Final\standalone\configuration/logging.properties
	module.path = C:\Dev_Victor\JSF-Course\wildfly-13.0.0.Final\modules
	org.jboss.boot.log.file = C:\Dev_Victor\JSF-Course\wildfly-13.0.0.Final\standalone\log\server.log
	org.jboss.resolver.warning = true
	os.arch = amd64
	os.name = Windows 10
	os.version = 10.0
	path.separator = ;
	program.name = standalone.bat
	sun.arch.data.model = 64
	sun.boot.class.path = C:\Program Files\Java\jdk1.8.0_162\jre\lib\resources.jar;C:\Program Files\Java\jdk1.8.0_162\jre\lib\rt.jar;C:\Program Files\Java\jdk1.8.0_162\jre\lib\sunrsasign.jar;C:\Program Files\Java\jdk1.8.0_162\jre\lib\jsse.jar;C:\Program Files\Java\jdk1.8.0_162\jre\lib\jce.jar;C:\Program Files\Java\jdk1.8.0_162\jre\lib\charsets.jar;C:\Program Files\Java\jdk1.8.0_162\jre\lib\jfr.jar;C:\Program Files\Java\jdk1.8.0_162\jre\classes
	sun.boot.library.path = C:\Program Files\Java\jdk1.8.0_162\jre\bin
	sun.cpu.endian = little
	sun.cpu.isalist = amd64
	sun.desktop = windows
	sun.io.unicode.encoding = UnicodeLittle
	sun.java.command = C:\Dev_Victor\JSF-Course\wildfly-13.0.0.Final\jboss-modules.jar -mp C:\Dev_Victor\JSF-Course\wildfly-13.0.0.Final\modules org.jboss.as.standalone -Djboss.home.dir=C:\Dev_Victor\JSF-Course\wildfly-13.0.0.Final
	sun.java.launcher = SUN_STANDARD
	sun.jnu.encoding = Cp1252
	sun.management.compiler = HotSpot 64-Bit Tiered Compilers
	sun.os.patch.level = 
	user.country = BR
	user.dir = C:\Dev_Victor\JSF-Course\wildfly-13.0.0.Final\bin
	user.home = C:\Users\jvleitao
	user.language = pt
	user.name = jvleitao
	user.script = 
	user.timezone = GMT-03:00
	user.variant = 
2018-08-01 09:28:44,534 DEBUG [org.jboss.as.config] (MSC service thread 1-3) VM Arguments: -Dprogram.name=standalone.bat -Xms64M -Xmx512M -XX:MetaspaceSize=96M -XX:MaxMetaspaceSize=256m -Djava.net.preferIPv4Stack=true -Djboss.modules.system.pkgs=org.jboss.byteman -Dorg.jboss.boot.log.file=C:\Dev_Victor\JSF-Course\wildfly-13.0.0.Final\standalone\log\server.log -Dlogging.configuration=file:C:\Dev_Victor\JSF-Course\wildfly-13.0.0.Final\standalone\configuration/logging.properties 
2018-08-01 09:28:48,797 INFO  [org.jboss.modules] (main) JBoss Modules version 1.8.5.Final
2018-08-01 09:28:49,118 INFO  [org.jboss.msc] (main) JBoss MSC version 1.4.2.Final
2018-08-01 09:28:49,127 INFO  [org.jboss.threads] (main) JBoss Threads version 2.3.2.Final
2018-08-01 09:28:49,243 INFO  [org.jboss.as] (MSC service thread 1-1) WFLYSRV0049: WildFly Full 13.0.0.Final (WildFly Core 5.0.0.Final) starting
2018-08-01 09:28:49,243 DEBUG [org.jboss.as.config] (MSC service thread 1-1) Configured system properties:
	awt.toolkit = sun.awt.windows.WToolkit
	file.encoding = Cp1252
	file.encoding.pkg = sun.io
	file.separator = \
	java.awt.graphicsenv = sun.awt.Win32GraphicsEnvironment
	java.awt.printerjob = sun.awt.windows.WPrinterJob
	java.class.path = C:\Dev_Victor\JSF-Course\wildfly-13.0.0.Final\jboss-modules.jar
	java.class.version = 52.0
	java.endorsed.dirs = C:\Program Files\Java\jdk1.8.0_162\jre\lib\endorsed
	java.ext.dirs = C:\Program Files\Java\jdk1.8.0_162\jre\lib\ext;C:\WINDOWS\Sun\Java\lib\ext
	java.home = C:\Program Files\Java\jdk1.8.0_162\jre
	java.io.tmpdir = C:\Users\jvleitao\AppData\Local\Temp\
	java.library.path = C:\Program Files\Java\jdk1.8.0_162\bin;C:\WINDOWS\Sun\Java\bin;C:\WINDOWS\system32;C:\WINDOWS;C:\Program Files (x86)\Common Files\Oracle\Java\javapath;C:\ProgramData\Oracle\Java\javapath;C:\WINDOWS\system32;C:\WINDOWS;C:\WINDOWS\System32\Wbem;C:\WINDOWS\System32\WindowsPowerShell\v1.0\;C:\Program Files\Java\jdk1.6.0_45\bin;C:\Program Files\Git\cmd;C:\Program Files\nodejs\;C:\WINDOWS\System32\OpenSSH\;C:\Program Files\Microsoft VS Code\bin;C:\Users\jvleitao\AppData\Local\Microsoft\WindowsApps;;C:\Program Files\Microsoft VS Code\bin;C:\Users\jvleitao\AppData\Roaming\npm;.
	java.net.preferIPv4Stack = true
	java.runtime.name = Java(TM) SE Runtime Environment
	java.runtime.version = 1.8.0_162-b12
	java.specification.name = Java Platform API Specification
	java.specification.vendor = Oracle Corporation
	java.specification.version = 1.8
	java.util.logging.manager = org.jboss.logmanager.LogManager
	java.vendor = Oracle Corporation
	java.vendor.url = http://java.oracle.com/
	java.vendor.url.bug = http://bugreport.sun.com/bugreport/
	java.version = 1.8.0_162
	java.vm.info = mixed mode
	java.vm.name = Java HotSpot(TM) 64-Bit Server VM
	java.vm.specification.name = Java Virtual Machine Specification
	java.vm.specification.vendor = Oracle Corporation
	java.vm.specification.version = 1.8
	java.vm.vendor = Oracle Corporation
	java.vm.version = 25.162-b12
	javax.management.builder.initial = org.jboss.as.jmx.PluggableMBeanServerBuilder
	jboss.home.dir = C:\Dev_Victor\JSF-Course\wildfly-13.0.0.Final
	jboss.host.name = desktop-7acfmul
	jboss.modules.dir = C:\Dev_Victor\JSF-Course\wildfly-13.0.0.Final\modules
	jboss.modules.system.pkgs = org.jboss.byteman
	jboss.node.name = desktop-7acfmul
	jboss.qualified.host.name = desktop-7acfmul
	jboss.server.base.dir = C:\Dev_Victor\JSF-Course\wildfly-13.0.0.Final\standalone
	jboss.server.config.dir = C:\Dev_Victor\JSF-Course\wildfly-13.0.0.Final\standalone\configuration
	jboss.server.data.dir = C:\Dev_Victor\JSF-Course\wildfly-13.0.0.Final\standalone\data
	jboss.server.deploy.dir = C:\Dev_Victor\JSF-Course\wildfly-13.0.0.Final\standalone\data\content
	jboss.server.log.dir = C:\Dev_Victor\JSF-Course\wildfly-13.0.0.Final\standalone\log
	jboss.server.name = desktop-7acfmul
	jboss.server.persist.config = true
	jboss.server.temp.dir = C:\Dev_Victor\JSF-Course\wildfly-13.0.0.Final\standalone\tmp
	line.separator = 

	logging.configuration = file:C:\Dev_Victor\JSF-Course\wildfly-13.0.0.Final\standalone\configuration/logging.properties
	module.path = C:\Dev_Victor\JSF-Course\wildfly-13.0.0.Final\modules
	org.jboss.boot.log.file = C:\Dev_Victor\JSF-Course\wildfly-13.0.0.Final\standalone\log\server.log
	org.jboss.resolver.warning = true
	os.arch = amd64
	os.name = Windows 10
	os.version = 10.0
	path.separator = ;
	program.name = standalone.bat
	sun.arch.data.model = 64
	sun.boot.class.path = C:\Program Files\Java\jdk1.8.0_162\jre\lib\resources.jar;C:\Program Files\Java\jdk1.8.0_162\jre\lib\rt.jar;C:\Program Files\Java\jdk1.8.0_162\jre\lib\sunrsasign.jar;C:\Program Files\Java\jdk1.8.0_162\jre\lib\jsse.jar;C:\Program Files\Java\jdk1.8.0_162\jre\lib\jce.jar;C:\Program Files\Java\jdk1.8.0_162\jre\lib\charsets.jar;C:\Program Files\Java\jdk1.8.0_162\jre\lib\jfr.jar;C:\Program Files\Java\jdk1.8.0_162\jre\classes
	sun.boot.library.path = C:\Program Files\Java\jdk1.8.0_162\jre\bin
	sun.cpu.endian = little
	sun.cpu.isalist = amd64
	sun.desktop = windows
	sun.io.unicode.encoding = UnicodeLittle
	sun.java.command = C:\Dev_Victor\JSF-Course\wildfly-13.0.0.Final\jboss-modules.jar -mp C:\Dev_Victor\JSF-Course\wildfly-13.0.0.Final\modules org.jboss.as.standalone -Djboss.home.dir=C:\Dev_Victor\JSF-Course\wildfly-13.0.0.Final
	sun.java.launcher = SUN_STANDARD
	sun.jnu.encoding = Cp1252
	sun.management.compiler = HotSpot 64-Bit Tiered Compilers
	sun.os.patch.level = 
	user.country = BR
	user.dir = C:\Dev_Victor\JSF-Course\wildfly-13.0.0.Final\bin
	user.home = C:\Users\jvleitao
	user.language = pt
	user.name = jvleitao
	user.script = 
	user.timezone = GMT-03:00
	user.variant = 
2018-08-01 09:28:49,243 DEBUG [org.jboss.as.config] (MSC service thread 1-1) VM Arguments: -Dprogram.name=standalone.bat -Xms64M -Xmx512M -XX:MetaspaceSize=96M -XX:MaxMetaspaceSize=256m -Djava.net.preferIPv4Stack=true -Djboss.modules.system.pkgs=org.jboss.byteman -Dorg.jboss.boot.log.file=C:\Dev_Victor\JSF-Course\wildfly-13.0.0.Final\standalone\log\server.log -Dlogging.configuration=file:C:\Dev_Victor\JSF-Course\wildfly-13.0.0.Final\standalone\configuration/logging.properties 
2018-08-01 09:28:54,093 INFO  [org.jboss.as.controller.management-deprecated] (Controller Boot Thread) WFLYCTL0028: Attribute 'security-realm' in the resource at address '/core-service=management/management-interface=http-interface' is deprecated, and may be removed in a future version. See the attribute description in the output of the read-resource-description operation to learn more about the deprecation.
2018-08-01 09:28:54,135 INFO  [org.jboss.as.controller.management-deprecated] (ServerService Thread Pool -- 23) WFLYCTL0028: Attribute 'security-realm' in the resource at address '/subsystem=undertow/server=default-server/https-listener=https' is deprecated, and may be removed in a future version. See the attribute description in the output of the read-resource-description operation to learn more about the deprecation.
2018-08-01 09:28:54,135 INFO  [org.wildfly.security] (ServerService Thread Pool -- 8) ELY00001: WildFly Elytron version 1.3.3.Final
2018-08-01 09:28:54,242 INFO  [org.jboss.as.server] (Controller Boot Thread) WFLYSRV0039: Creating http management service using socket-binding (management-http)
2018-08-01 09:28:54,256 INFO  [org.xnio] (MSC service thread 1-1) XNIO version 3.6.3.Final
2018-08-01 09:28:54,263 INFO  [org.xnio.nio] (MSC service thread 1-1) XNIO NIO Implementation Version 3.6.3.Final
2018-08-01 09:28:54,307 INFO  [org.jboss.as.clustering.infinispan] (ServerService Thread Pool -- 45) WFLYCLINF0001: Activating Infinispan subsystem.
2018-08-01 09:28:54,368 INFO  [org.jboss.as.ee] (ServerService Thread Pool -- 41) WFLYEE0119: The system property 'ee8.preview.mode' is NOT set to 'true'. For provided EE 8 APIs where the EE 8 version of the API differs from what is supported in EE 7, the EE 7 variant of the API will be used. Support for this setting will be removed once all EE 8 APIs are provided and certified.
2018-08-01 09:28:54,377 INFO  [org.jboss.as.webservices] (ServerService Thread Pool -- 64) WFLYWS0002: Activating WebServices Extension
2018-08-01 09:28:54,383 INFO  [org.jboss.as.security] (ServerService Thread Pool -- 60) WFLYSEC0002: Activating Security Subsystem
2018-08-01 09:28:54,398 WARN  [org.jboss.as.txn] (ServerService Thread Pool -- 62) WFLYTX0013: The node-identifier attribute on the /subsystem=transactions is set to the default value. This is a danger for environments running multiple servers. Please make sure the attribute value is unique.
2018-08-01 09:28:54,398 INFO  [org.jboss.as.connector.subsystems.datasources] (ServerService Thread Pool -- 38) WFLYJCA0004: Deploying JDBC-compliant driver class org.h2.Driver (version 1.4)
2018-08-01 09:28:54,417 INFO  [org.jboss.as.security] (MSC service thread 1-2) WFLYSEC0001: Current PicketBox version=5.0.2.Final
2018-08-01 09:28:54,417 INFO  [org.jboss.as.naming] (ServerService Thread Pool -- 54) WFLYNAM0001: Activating Naming Subsystem
2018-08-01 09:28:54,428 INFO  [org.jboss.as.jsf] (ServerService Thread Pool -- 52) WFLYJSF0007: Activated the following JSF Implementations: [main]
2018-08-01 09:28:54,458 INFO  [org.jboss.as.connector] (MSC service thread 1-6) WFLYJCA0009: Starting JCA Subsystem (WildFly/IronJacamar 1.4.9.Final)
2018-08-01 09:28:54,475 INFO  [org.jboss.as.connector.deployers.jdbc] (MSC service thread 1-2) WFLYJCA0018: Started Driver service with driver-name = h2
2018-08-01 09:28:54,546 INFO  [org.wildfly.extension.undertow] (MSC service thread 1-8) WFLYUT0003: Undertow 2.0.9.Final starting
2018-08-01 09:28:54,737 INFO  [org.jboss.as.mail.extension] (MSC service thread 1-7) WFLYMAIL0001: Bound mail session [java:jboss/mail/Default]
2018-08-01 09:28:54,737 INFO  [org.jboss.as.naming] (MSC service thread 1-7) WFLYNAM0003: Starting Naming Service
2018-08-01 09:28:54,865 INFO  [org.wildfly.extension.io] (ServerService Thread Pool -- 46) WFLYIO001: Worker 'default' has auto-configured to 8 core threads with 64 task threads based on your 4 available processors
2018-08-01 09:28:54,868 INFO  [org.jboss.as.ejb3] (MSC service thread 1-6) WFLYEJB0481: Strict pool slsb-strict-max-pool is using a max instance size of 64 (per class), which is derived from thread worker pool sizing.
2018-08-01 09:28:54,868 INFO  [org.jboss.as.ejb3] (MSC service thread 1-8) WFLYEJB0482: Strict pool mdb-strict-max-pool is using a max instance size of 16 (per class), which is derived from the number of CPUs on this host.
2018-08-01 09:28:54,906 INFO  [org.jboss.remoting] (MSC service thread 1-1) JBoss Remoting version 5.0.7.Final
2018-08-01 09:28:55,113 INFO  [org.wildfly.extension.undertow] (ServerService Thread Pool -- 63) WFLYUT0014: Creating file handler for path 'C:\Dev_Victor\JSF-Course\wildfly-13.0.0.Final/welcome-content' with options [directory-listing: 'false', follow-symlink: 'false', case-sensitive: 'true', safe-symlink-paths: '[]']
2018-08-01 09:28:55,118 INFO  [org.wildfly.extension.undertow] (MSC service thread 1-2) WFLYUT0012: Started server default-server.
2018-08-01 09:28:55,118 INFO  [org.wildfly.extension.undertow] (MSC service thread 1-2) WFLYUT0018: Host default-host starting
2018-08-01 09:28:55,164 INFO  [org.wildfly.extension.undertow] (MSC service thread 1-1) WFLYUT0006: Undertow HTTP listener default listening on 127.0.0.1:8080
2018-08-01 09:28:55,184 INFO  [org.jboss.as.ejb3] (MSC service thread 1-2) WFLYEJB0493: EJB subsystem suspension complete
2018-08-01 09:28:55,248 INFO  [org.jboss.as.jaxrs] (ServerService Thread Pool -- 47) WFLYRS0016: RESTEasy version 3.5.1.Final
2018-08-01 09:28:55,279 INFO  [org.jboss.as.connector.subsystems.datasources] (MSC service thread 1-7) WFLYJCA0001: Bound data source [java:jboss/datasources/ExampleDS]
2018-08-01 09:28:57,984 INFO  [org.jboss.as.patching] (MSC service thread 1-2) WFLYPAT0050: WildFly Full cumulative patch ID is: base, one-off patches include: none
2018-08-01 09:28:58,015 WARN  [org.jboss.as.domain.management.security] (MSC service thread 1-4) WFLYDM0111: Keystore C:\Dev_Victor\JSF-Course\wildfly-13.0.0.Final\standalone\configuration\application.keystore not found, it will be auto generated on first use with a self signed certificate for host localhost
2018-08-01 09:28:58,015 INFO  [org.jboss.as.server.deployment.scanner] (MSC service thread 1-3) WFLYDS0013: Started FileSystemDeploymentService for directory C:\Dev_Victor\JSF-Course\wildfly-13.0.0.Final\standalone\deployments
2018-08-01 09:28:58,023 INFO  [org.jboss.as.server.deployment] (MSC service thread 1-7) WFLYSRV0027: Starting deployment of "jsf_course_war_exploded.war" (runtime-name: "jsf_course_war_exploded.war")
2018-08-01 09:28:58,037 ERROR [org.jboss.msc.service.fail] (MSC service thread 1-4) MSC000001: Failed to start service jboss.deployment.unit."jsf_course_war_exploded.war".STRUCTURE: org.jboss.msc.service.StartException in service jboss.deployment.unit."jsf_course_war_exploded.war".STRUCTURE: WFLYSRV0153: Failed to process phase STRUCTURE of deployment "jsf_course_war_exploded.war"
	at org.jboss.as.server.deployment.DeploymentUnitPhaseService.start(DeploymentUnitPhaseService.java:150)
	at org.jboss.msc.service.ServiceControllerImpl$StartTask.startService(ServiceControllerImpl.java:1736)
	at org.jboss.msc.service.ServiceControllerImpl$StartTask.execute(ServiceControllerImpl.java:1698)
	at org.jboss.msc.service.ServiceControllerImpl$ControllerTask.run(ServiceControllerImpl.java:1556)
	at org.jboss.threads.ContextClassLoaderSavingRunnable.run(ContextClassLoaderSavingRunnable.java:35)
	at org.jboss.threads.EnhancedQueueExecutor.safeRun(EnhancedQueueExecutor.java:1985)
	at org.jboss.threads.EnhancedQueueExecutor$ThreadBody.doRunTask(EnhancedQueueExecutor.java:1487)
	at org.jboss.threads.EnhancedQueueExecutor$ThreadBody.run(EnhancedQueueExecutor.java:1378)
	at java.lang.Thread.run(Thread.java:748)
Caused by: org.jboss.as.server.deployment.DeploymentUnitProcessingException: WFLYSRV0160: Failed to mount deployment content
	at org.jboss.as.server.deployment.module.DeploymentRootMountProcessor.deploy(DeploymentRootMountProcessor.java:95)
	at org.jboss.as.server.deployment.DeploymentUnitPhaseService.start(DeploymentUnitPhaseService.java:143)
	... 8 more
Caused by: java.io.FileNotFoundException: C:\Dev_Victor\JSF-Course\out\artifacts\jsf_course_war_exploded.war (O sistema não pode encontrar o arquivo especificado)
	at java.io.FileInputStream.open0(Native Method)
	at java.io.FileInputStream.open(FileInputStream.java:195)
	at java.io.FileInputStream.<init>(FileInputStream.java:138)
	at org.jboss.vfs.spi.RootFileSystem.openInputStream(RootFileSystem.java:51)
	at org.jboss.vfs.VirtualFile.openStream(VirtualFile.java:318)
	at org.jboss.vfs.VFS.mountZipExpanded(VFS.java:533)
	at org.jboss.as.server.deployment.DeploymentMountProvider$Factory$ServerDeploymentRepositoryImpl.mountDeploymentContent(DeploymentMountProvider.java:108)
	at org.jboss.as.server.deployment.module.DeploymentRootMountProcessor.deploy(DeploymentRootMountProcessor.java:91)
	... 9 more

2018-08-01 09:28:58,154 INFO  [org.wildfly.extension.undertow] (MSC service thread 1-2) WFLYUT0006: Undertow HTTPS listener https listening on 127.0.0.1:8443
2018-08-01 09:28:59,043 INFO  [org.jboss.ws.common.management] (MSC service thread 1-2) JBWS022052: Starting JBossWS 5.2.1.Final (Apache CXF 3.2.4.jbossorg-1) 
2018-08-01 09:28:59,043 ERROR [org.jboss.as.controller.management-operation] (Controller Boot Thread) WFLYCTL0013: Operation ("add") failed - address: ([("deployment" => "jsf_course_war_exploded.war")]) - failure description: {"WFLYCTL0080: Failed services" => {"jboss.deployment.unit.\"jsf_course_war_exploded.war\".STRUCTURE" => "WFLYSRV0153: Failed to process phase STRUCTURE of deployment \"jsf_course_war_exploded.war\"
    Caused by: org.jboss.as.server.deployment.DeploymentUnitProcessingException: WFLYSRV0160: Failed to mount deployment content
    Caused by: java.io.FileNotFoundException: C:\\Dev_Victor\\JSF-Course\\out\\artifacts\\jsf_course_war_exploded.war (O sistema não pode encontrar o arquivo especificado)"}}
2018-08-01 09:28:59,077 INFO  [org.jboss.as.server] (Controller Boot Thread) WFLYSRV0010: Deployed "jsf_course_war_exploded.war" (runtime-name : "jsf_course_war_exploded.war")
2018-08-01 09:28:59,077 INFO  [org.jboss.as.controller] (Controller Boot Thread) WFLYCTL0183: Service status report
WFLYCTL0186:   Services which failed to start:      service jboss.deployment.unit."jsf_course_war_exploded.war".STRUCTURE: WFLYSRV0153: Failed to process phase STRUCTURE of deployment "jsf_course_war_exploded.war"

2018-08-01 09:28:59,163 INFO  [org.jboss.as.server] (Controller Boot Thread) WFLYSRV0212: Resuming server
2018-08-01 09:28:59,174 INFO  [org.jboss.as] (Controller Boot Thread) WFLYSRV0060: Http management interface listening on http://127.0.0.1:9990/management
2018-08-01 09:28:59,174 INFO  [org.jboss.as] (Controller Boot Thread) WFLYSRV0051: Admin console listening on http://127.0.0.1:9990
2018-08-01 09:28:59,174 ERROR [org.jboss.as] (Controller Boot Thread) WFLYSRV0026: WildFly Full 13.0.0.Final (WildFly Core 5.0.0.Final) started (with errors) in 10731ms - Started 292 of 514 services (1 services failed or missing dependencies, 308 services are lazy, passive or on-demand)
2018-08-01 09:28:59,773 INFO  [org.jboss.as.server.deployment] (MSC service thread 1-2) WFLYSRV0027: Starting deployment of "jsf_course.war" (runtime-name: "jsf_course.war")
2018-08-01 09:29:02,463 INFO  [org.jboss.weld.deployer] (MSC service thread 1-2) WFLYWELD0003: Processing weld deployment jsf_course.war
2018-08-01 09:29:02,733 INFO  [org.hibernate.validator.internal.util.Version] (MSC service thread 1-2) HV000001: Hibernate Validator 5.3.6.Final
2018-08-01 09:29:03,293 INFO  [org.jboss.weld.Version] (MSC service thread 1-2) WELD-000900: 3.0.4 (Final)
2018-08-01 09:29:03,398 INFO  [org.infinispan.factories.GlobalComponentRegistry] (MSC service thread 1-3) ISPN000128: Infinispan version: Infinispan 'Gaina' 9.2.4.Final
2018-08-01 09:29:03,567 INFO  [org.jboss.as.clustering.infinispan] (ServerService Thread Pool -- 7) WFLYCLINF0002: Started client-mappings cache from ejb container
2018-08-01 09:29:03,703 WARN  [org.jboss.weld.Bootstrap] (MSC service thread 1-4) WELD-000146: BeforeBeanDiscovery.addAnnotatedType(AnnotatedType<?>) used for class org.jberet.creation.BatchBeanProducer is deprecated from CDI 1.1!
2018-08-01 09:29:03,723 WARN  [org.jboss.weld.Bootstrap] (MSC service thread 1-4) WELD-000146: BeforeBeanDiscovery.addAnnotatedType(AnnotatedType<?>) used for class org.hibernate.validator.internal.cdi.interceptor.ValidationInterceptor is deprecated from CDI 1.1!
2018-08-01 09:29:03,723 WARN  [org.jboss.weld.Bootstrap] (MSC service thread 1-4) WELD-000146: BeforeBeanDiscovery.addAnnotatedType(AnnotatedType<?>) used for class com.sun.faces.flow.FlowDiscoveryCDIHelper is deprecated from CDI 1.1!
2018-08-01 09:29:04,123 INFO  [javax.enterprise.resource.webcontainer.jsf.config] (ServerService Thread Pool -- 22) Inicializando Mojarra 2.2.13.SP5  para o contexto '/jsf_course'
2018-08-01 09:29:05,378 WARNING [javax.enterprise.resource.webcontainer.jsf.config] (ServerService Thread Pool -- 22) JSF1025: [/jsf_course] O parâmetro de inicialização de contexto 'facelets.SKIP_COMMENTS' está desaprovado.  A opção continuará configurada, mas use 'javax.faces.FACELETS_SKIP_COMMENTS' no futuro.
2018-08-01 09:29:05,378 INFO  [javax.enterprise.resource.webcontainer.jsf.config] (ServerService Thread Pool -- 22) JSF1020: [/jsf_course] A opção de configuração 'javax.faces.FACELETS_SKIP_COMMENTS' foi REDEFINIDA para ATIVADO
2018-08-01 09:29:05,397 INFO  [org.primefaces.webapp.PostConstructApplicationEventListener] (ServerService Thread Pool -- 22) Running on PrimeFaces 6.2
2018-08-01 09:29:05,433 INFO  [org.wildfly.extension.undertow] (ServerService Thread Pool -- 22) WFLYUT0021: Registered web context: '/jsf_course' for server 'default-server'
2018-08-01 09:29:05,463 INFO  [org.jboss.as.server] (management-handler-thread - 1) WFLYSRV0010: Deployed "jsf_course.war" (runtime-name : "jsf_course.war")
2018-08-01 09:29:05,463 INFO  [org.jboss.as.controller] (management-handler-thread - 1) WFLYCTL0183: Service status report
WFLYCTL0186:   Services which failed to start:      service jboss.deployment.unit."jsf_course_war_exploded.war".STRUCTURE: WFLYSRV0153: Failed to process phase STRUCTURE of deployment "jsf_course_war_exploded.war"

2018-08-01 09:29:06,293 INFO  [stdout] (default task-1) Fazendo uma busca no BD
2018-08-01 09:29:06,303 INFO  [stdout] (default task-1) Processando os dados
2018-08-01 09:29:06,303 INFO  [stdout] (default task-1) Exibindo os dados
2018-08-01 09:29:07,147 INFO  [stdout] (default task-2) Fazendo uma busca no BD
2018-08-01 09:29:07,147 INFO  [stdout] (default task-2) Processando os dados
2018-08-01 09:29:07,148 INFO  [stdout] (default task-2) Exibindo os dados
2018-08-01 10:26:21,724 INFO  [org.wildfly.extension.undertow] (ServerService Thread Pool -- 22) WFLYUT0022: Unregistered web context: '/jsf_course' from server 'default-server'
2018-08-01 10:26:21,971 INFO  [org.jboss.as.server.deployment] (MSC service thread 1-1) WFLYSRV0028: Stopped deployment jsf_course.war (runtime-name: jsf_course.war) in 256ms
2018-08-01 10:26:22,072 INFO  [org.jboss.as.server] (management-handler-thread - 2) WFLYSRV0009: Undeployed "jsf_course.war" (runtime-name: "jsf_course.war")
2018-08-01 10:26:22,072 INFO  [org.jboss.as.controller] (management-handler-thread - 2) WFLYCTL0183: Service status report
WFLYCTL0186:   Services which failed to start:      service jboss.deployment.unit."jsf_course_war_exploded.war".STRUCTURE: WFLYSRV0153: Failed to process phase STRUCTURE of deployment "jsf_course_war_exploded.war"

2018-08-01 10:26:22,125 INFO  [org.jboss.as.server] (management-handler-thread - 2) WFLYSRV0236: Suspending server with no timeout.
2018-08-01 10:26:22,141 INFO  [org.jboss.as.ejb3] (management-handler-thread - 2) WFLYEJB0493: EJB subsystem suspension complete
2018-08-01 10:26:22,141 INFO  [org.jboss.as.server] (Management Triggered Shutdown) WFLYSRV0241: Shutting down in response to management operation 'shutdown'
2018-08-01 10:26:22,172 INFO  [org.jboss.as.server.deployment] (MSC service thread 1-6) WFLYSRV0028: Stopped deployment jsf_course_war_exploded.war (runtime-name: jsf_course_war_exploded.war) in 31ms
2018-08-01 10:26:22,172 INFO  [org.wildfly.extension.undertow] (MSC service thread 1-1) WFLYUT0019: Host default-host stopping
2018-08-01 10:26:22,172 INFO  [org.jboss.as.connector.subsystems.datasources] (MSC service thread 1-1) WFLYJCA0010: Unbound data source [java:jboss/datasources/ExampleDS]
2018-08-01 10:26:22,172 INFO  [org.wildfly.extension.undertow] (MSC service thread 1-6) WFLYUT0008: Undertow HTTPS listener https suspending
2018-08-01 10:26:22,194 INFO  [org.wildfly.extension.undertow] (MSC service thread 1-6) WFLYUT0007: Undertow HTTPS listener https stopped, was bound to 127.0.0.1:8443
2018-08-01 10:26:22,194 INFO  [org.jboss.as.connector.deployers.jdbc] (MSC service thread 1-4) WFLYJCA0019: Stopped Driver service with driver-name = h2
2018-08-01 10:26:26,808 INFO  [org.jboss.modules] (main) JBoss Modules version 1.8.5.Final
2018-08-01 10:26:27,842 INFO  [org.jboss.msc] (main) JBoss MSC version 1.4.2.Final
2018-08-01 10:26:27,857 INFO  [org.jboss.threads] (main) JBoss Threads version 2.3.2.Final
2018-08-01 10:26:28,042 INFO  [org.jboss.as] (MSC service thread 1-3) WFLYSRV0049: WildFly Full 13.0.0.Final (WildFly Core 5.0.0.Final) starting
2018-08-01 10:26:28,058 DEBUG [org.jboss.as.config] (MSC service thread 1-3) Configured system properties:
	awt.toolkit = sun.awt.windows.WToolkit
	file.encoding = Cp1252
	file.encoding.pkg = sun.io
	file.separator = \
	java.awt.graphicsenv = sun.awt.Win32GraphicsEnvironment
	java.awt.printerjob = sun.awt.windows.WPrinterJob
	java.class.path = C:\Dev_Victor\JSF-Course\wildfly-13.0.0.Final\jboss-modules.jar
	java.class.version = 52.0
	java.endorsed.dirs = C:\Program Files\Java\jdk1.8.0_162\jre\lib\endorsed
	java.ext.dirs = C:\Program Files\Java\jdk1.8.0_162\jre\lib\ext;C:\WINDOWS\Sun\Java\lib\ext
	java.home = C:\Program Files\Java\jdk1.8.0_162\jre
	java.io.tmpdir = C:\Users\jvleitao\AppData\Local\Temp\
	java.library.path = C:\Program Files\Java\jdk1.8.0_162\bin;C:\WINDOWS\Sun\Java\bin;C:\WINDOWS\system32;C:\WINDOWS;C:\Program Files (x86)\Common Files\Oracle\Java\javapath;C:\ProgramData\Oracle\Java\javapath;C:\WINDOWS\system32;C:\WINDOWS;C:\WINDOWS\System32\Wbem;C:\WINDOWS\System32\WindowsPowerShell\v1.0\;C:\Program Files\Java\jdk1.6.0_45\bin;C:\Program Files\Git\cmd;C:\Program Files\nodejs\;C:\WINDOWS\System32\OpenSSH\;C:\Program Files\Microsoft VS Code\bin;C:\Users\jvleitao\AppData\Local\Microsoft\WindowsApps;;C:\Program Files\Microsoft VS Code\bin;C:\Users\jvleitao\AppData\Roaming\npm;.
	java.net.preferIPv4Stack = true
	java.runtime.name = Java(TM) SE Runtime Environment
	java.runtime.version = 1.8.0_162-b12
	java.specification.name = Java Platform API Specification
	java.specification.vendor = Oracle Corporation
	java.specification.version = 1.8
	java.util.logging.manager = org.jboss.logmanager.LogManager
	java.vendor = Oracle Corporation
	java.vendor.url = http://java.oracle.com/
	java.vendor.url.bug = http://bugreport.sun.com/bugreport/
	java.version = 1.8.0_162
	java.vm.info = mixed mode
	java.vm.name = Java HotSpot(TM) 64-Bit Server VM
	java.vm.specification.name = Java Virtual Machine Specification
	java.vm.specification.vendor = Oracle Corporation
	java.vm.specification.version = 1.8
	java.vm.vendor = Oracle Corporation
	java.vm.version = 25.162-b12
	javax.management.builder.initial = org.jboss.as.jmx.PluggableMBeanServerBuilder
	jboss.home.dir = C:\Dev_Victor\JSF-Course\wildfly-13.0.0.Final
	jboss.host.name = desktop-7acfmul
	jboss.modules.dir = C:\Dev_Victor\JSF-Course\wildfly-13.0.0.Final\modules
	jboss.modules.system.pkgs = org.jboss.byteman
	jboss.node.name = desktop-7acfmul
	jboss.qualified.host.name = desktop-7acfmul
	jboss.server.base.dir = C:\Dev_Victor\JSF-Course\wildfly-13.0.0.Final\standalone
	jboss.server.config.dir = C:\Dev_Victor\JSF-Course\wildfly-13.0.0.Final\standalone\configuration
	jboss.server.data.dir = C:\Dev_Victor\JSF-Course\wildfly-13.0.0.Final\standalone\data
	jboss.server.deploy.dir = C:\Dev_Victor\JSF-Course\wildfly-13.0.0.Final\standalone\data\content
	jboss.server.log.dir = C:\Dev_Victor\JSF-Course\wildfly-13.0.0.Final\standalone\log
	jboss.server.name = desktop-7acfmul
	jboss.server.persist.config = true
	jboss.server.temp.dir = C:\Dev_Victor\JSF-Course\wildfly-13.0.0.Final\standalone\tmp
	line.separator = 

	logging.configuration = file:C:\Dev_Victor\JSF-Course\wildfly-13.0.0.Final\standalone\configuration/logging.properties
	module.path = C:\Dev_Victor\JSF-Course\wildfly-13.0.0.Final\modules
	org.jboss.boot.log.file = C:\Dev_Victor\JSF-Course\wildfly-13.0.0.Final\standalone\log\server.log
	org.jboss.resolver.warning = true
	os.arch = amd64
	os.name = Windows 10
	os.version = 10.0
	path.separator = ;
	program.name = standalone.bat
	sun.arch.data.model = 64
	sun.boot.class.path = C:\Program Files\Java\jdk1.8.0_162\jre\lib\resources.jar;C:\Program Files\Java\jdk1.8.0_162\jre\lib\rt.jar;C:\Program Files\Java\jdk1.8.0_162\jre\lib\sunrsasign.jar;C:\Program Files\Java\jdk1.8.0_162\jre\lib\jsse.jar;C:\Program Files\Java\jdk1.8.0_162\jre\lib\jce.jar;C:\Program Files\Java\jdk1.8.0_162\jre\lib\charsets.jar;C:\Program Files\Java\jdk1.8.0_162\jre\lib\jfr.jar;C:\Program Files\Java\jdk1.8.0_162\jre\classes
	sun.boot.library.path = C:\Program Files\Java\jdk1.8.0_162\jre\bin
	sun.cpu.endian = little
	sun.cpu.isalist = amd64
	sun.desktop = windows
	sun.io.unicode.encoding = UnicodeLittle
	sun.java.command = C:\Dev_Victor\JSF-Course\wildfly-13.0.0.Final\jboss-modules.jar -mp C:\Dev_Victor\JSF-Course\wildfly-13.0.0.Final\modules org.jboss.as.standalone -Djboss.home.dir=C:\Dev_Victor\JSF-Course\wildfly-13.0.0.Final
	sun.java.launcher = SUN_STANDARD
	sun.jnu.encoding = Cp1252
	sun.management.compiler = HotSpot 64-Bit Tiered Compilers
	sun.os.patch.level = 
	user.country = BR
	user.dir = C:\Dev_Victor\JSF-Course\wildfly-13.0.0.Final\bin
	user.home = C:\Users\jvleitao
	user.language = pt
	user.name = jvleitao
	user.script = 
	user.timezone = GMT-03:00
	user.variant = 
2018-08-01 10:26:28,058 DEBUG [org.jboss.as.config] (MSC service thread 1-3) VM Arguments: -Dprogram.name=standalone.bat -Xms64M -Xmx512M -XX:MetaspaceSize=96M -XX:MaxMetaspaceSize=256m -Djava.net.preferIPv4Stack=true -Djboss.modules.system.pkgs=org.jboss.byteman -Dorg.jboss.boot.log.file=C:\Dev_Victor\JSF-Course\wildfly-13.0.0.Final\standalone\log\server.log -Dlogging.configuration=file:C:\Dev_Victor\JSF-Course\wildfly-13.0.0.Final\standalone\configuration/logging.properties 
2018-08-01 10:26:30,696 INFO  [org.jboss.as.controller.management-deprecated] (Controller Boot Thread) WFLYCTL0028: Attribute 'security-realm' in the resource at address '/core-service=management/management-interface=http-interface' is deprecated, and may be removed in a future version. See the attribute description in the output of the read-resource-description operation to learn more about the deprecation.
2018-08-01 10:26:30,733 INFO  [org.jboss.as.controller.management-deprecated] (ServerService Thread Pool -- 30) WFLYCTL0028: Attribute 'security-realm' in the resource at address '/subsystem=undertow/server=default-server/https-listener=https' is deprecated, and may be removed in a future version. See the attribute description in the output of the read-resource-description operation to learn more about the deprecation.
2018-08-01 10:26:30,733 INFO  [org.wildfly.security] (ServerService Thread Pool -- 26) ELY00001: WildFly Elytron version 1.3.3.Final
2018-08-01 10:26:30,811 INFO  [org.jboss.as.server] (Controller Boot Thread) WFLYSRV0039: Creating http management service using socket-binding (management-http)
2018-08-01 10:26:30,811 INFO  [org.xnio] (MSC service thread 1-3) XNIO version 3.6.3.Final
2018-08-01 10:26:30,827 INFO  [org.xnio.nio] (MSC service thread 1-3) XNIO NIO Implementation Version 3.6.3.Final
2018-08-01 10:26:30,865 INFO  [org.jboss.as.clustering.infinispan] (ServerService Thread Pool -- 45) WFLYCLINF0001: Activating Infinispan subsystem.
2018-08-01 10:26:30,896 INFO  [org.jboss.as.ee] (ServerService Thread Pool -- 41) WFLYEE0119: The system property 'ee8.preview.mode' is NOT set to 'true'. For provided EE 8 APIs where the EE 8 version of the API differs from what is supported in EE 7, the EE 7 variant of the API will be used. Support for this setting will be removed once all EE 8 APIs are provided and certified.
2018-08-01 10:26:30,896 INFO  [org.jboss.as.webservices] (ServerService Thread Pool -- 64) WFLYWS0002: Activating WebServices Extension
2018-08-01 10:26:30,896 INFO  [org.jboss.as.naming] (ServerService Thread Pool -- 54) WFLYNAM0001: Activating Naming Subsystem
2018-08-01 10:26:30,896 INFO  [org.jboss.as.security] (ServerService Thread Pool -- 60) WFLYSEC0002: Activating Security Subsystem
2018-08-01 10:26:30,896 WARN  [org.jboss.as.txn] (ServerService Thread Pool -- 62) WFLYTX0013: The node-identifier attribute on the /subsystem=transactions is set to the default value. This is a danger for environments running multiple servers. Please make sure the attribute value is unique.
2018-08-01 10:26:30,912 INFO  [org.jboss.as.jsf] (ServerService Thread Pool -- 52) WFLYJSF0007: Activated the following JSF Implementations: [main]
2018-08-01 10:26:30,927 INFO  [org.jboss.as.security] (MSC service thread 1-8) WFLYSEC0001: Current PicketBox version=5.0.2.Final
2018-08-01 10:26:30,965 INFO  [org.jboss.as.connector] (MSC service thread 1-5) WFLYJCA0009: Starting JCA Subsystem (WildFly/IronJacamar 1.4.9.Final)
2018-08-01 10:26:31,054 INFO  [org.wildfly.extension.undertow] (MSC service thread 1-2) WFLYUT0003: Undertow 2.0.9.Final starting
2018-08-01 10:26:31,126 INFO  [org.jboss.as.jaxrs] (ServerService Thread Pool -- 47) WFLYRS0016: RESTEasy version 3.5.1.Final
2018-08-01 10:26:31,167 INFO  [org.jboss.as.connector.subsystems.datasources] (ServerService Thread Pool -- 38) WFLYJCA0004: Deploying JDBC-compliant driver class org.h2.Driver (version 1.4)
2018-08-01 10:26:31,197 INFO  [org.wildfly.extension.io] (ServerService Thread Pool -- 46) WFLYIO001: Worker 'default' has auto-configured to 8 core threads with 64 task threads based on your 4 available processors
2018-08-01 10:26:31,207 INFO  [org.jboss.as.connector.deployers.jdbc] (MSC service thread 1-8) WFLYJCA0018: Started Driver service with driver-name = h2
2018-08-01 10:26:31,414 INFO  [org.jboss.remoting] (MSC service thread 1-2) JBoss Remoting version 5.0.7.Final
2018-08-01 10:26:31,414 INFO  [org.jboss.as.naming] (MSC service thread 1-3) WFLYNAM0003: Starting Naming Service
2018-08-01 10:26:31,414 INFO  [org.jboss.as.mail.extension] (MSC service thread 1-1) WFLYMAIL0001: Bound mail session [java:jboss/mail/Default]
2018-08-01 10:26:31,552 INFO  [org.jboss.as.ejb3] (MSC service thread 1-6) WFLYEJB0482: Strict pool mdb-strict-max-pool is using a max instance size of 16 (per class), which is derived from the number of CPUs on this host.
2018-08-01 10:26:31,552 INFO  [org.jboss.as.ejb3] (MSC service thread 1-2) WFLYEJB0481: Strict pool slsb-strict-max-pool is using a max instance size of 64 (per class), which is derived from thread worker pool sizing.
2018-08-01 10:26:31,636 INFO  [org.wildfly.extension.undertow] (ServerService Thread Pool -- 63) WFLYUT0014: Creating file handler for path 'C:\Dev_Victor\JSF-Course\wildfly-13.0.0.Final/welcome-content' with options [directory-listing: 'false', follow-symlink: 'false', case-sensitive: 'true', safe-symlink-paths: '[]']
2018-08-01 10:26:31,837 INFO  [org.wildfly.extension.undertow] (MSC service thread 1-7) WFLYUT0012: Started server default-server.
2018-08-01 10:26:31,837 INFO  [org.wildfly.extension.undertow] (MSC service thread 1-3) WFLYUT0018: Host default-host starting
2018-08-01 10:26:32,000 INFO  [org.wildfly.extension.undertow] (MSC service thread 1-2) WFLYUT0006: Undertow HTTP listener default listening on 127.0.0.1:8080
2018-08-01 10:26:32,116 INFO  [org.jboss.as.ejb3] (MSC service thread 1-7) WFLYEJB0493: EJB subsystem suspension complete
2018-08-01 10:26:32,338 INFO  [org.jboss.as.connector.subsystems.datasources] (MSC service thread 1-4) WFLYJCA0001: Bound data source [java:jboss/datasources/ExampleDS]
2018-08-01 10:26:32,733 INFO  [org.jboss.as.patching] (MSC service thread 1-3) WFLYPAT0050: WildFly Full cumulative patch ID is: base, one-off patches include: none
2018-08-01 10:26:32,771 WARN  [org.jboss.as.domain.management.security] (MSC service thread 1-7) WFLYDM0111: Keystore C:\Dev_Victor\JSF-Course\wildfly-13.0.0.Final\standalone\configuration\application.keystore not found, it will be auto generated on first use with a self signed certificate for host localhost
2018-08-01 10:26:32,786 INFO  [org.jboss.as.server.deployment.scanner] (MSC service thread 1-7) WFLYDS0013: Started FileSystemDeploymentService for directory C:\Dev_Victor\JSF-Course\wildfly-13.0.0.Final\standalone\deployments
2018-08-01 10:26:32,802 INFO  [org.jboss.as.server.deployment] (MSC service thread 1-7) WFLYSRV0027: Starting deployment of "jsf_course_war_exploded.war" (runtime-name: "jsf_course_war_exploded.war")
2018-08-01 10:26:32,802 ERROR [org.jboss.msc.service.fail] (MSC service thread 1-1) MSC000001: Failed to start service jboss.deployment.unit."jsf_course_war_exploded.war".STRUCTURE: org.jboss.msc.service.StartException in service jboss.deployment.unit."jsf_course_war_exploded.war".STRUCTURE: WFLYSRV0153: Failed to process phase STRUCTURE of deployment "jsf_course_war_exploded.war"
	at org.jboss.as.server.deployment.DeploymentUnitPhaseService.start(DeploymentUnitPhaseService.java:150)
	at org.jboss.msc.service.ServiceControllerImpl$StartTask.startService(ServiceControllerImpl.java:1736)
	at org.jboss.msc.service.ServiceControllerImpl$StartTask.execute(ServiceControllerImpl.java:1698)
	at org.jboss.msc.service.ServiceControllerImpl$ControllerTask.run(ServiceControllerImpl.java:1556)
	at org.jboss.threads.ContextClassLoaderSavingRunnable.run(ContextClassLoaderSavingRunnable.java:35)
	at org.jboss.threads.EnhancedQueueExecutor.safeRun(EnhancedQueueExecutor.java:1985)
	at org.jboss.threads.EnhancedQueueExecutor$ThreadBody.doRunTask(EnhancedQueueExecutor.java:1487)
	at org.jboss.threads.EnhancedQueueExecutor$ThreadBody.run(EnhancedQueueExecutor.java:1378)
	at java.lang.Thread.run(Thread.java:748)
Caused by: org.jboss.as.server.deployment.DeploymentUnitProcessingException: WFLYSRV0160: Failed to mount deployment content
	at org.jboss.as.server.deployment.module.DeploymentRootMountProcessor.deploy(DeploymentRootMountProcessor.java:95)
	at org.jboss.as.server.deployment.DeploymentUnitPhaseService.start(DeploymentUnitPhaseService.java:143)
	... 8 more
Caused by: java.io.FileNotFoundException: C:\Dev_Victor\JSF-Course\out\artifacts\jsf_course_war_exploded.war (O sistema não pode encontrar o arquivo especificado)
	at java.io.FileInputStream.open0(Native Method)
	at java.io.FileInputStream.open(FileInputStream.java:195)
	at java.io.FileInputStream.<init>(FileInputStream.java:138)
	at org.jboss.vfs.spi.RootFileSystem.openInputStream(RootFileSystem.java:51)
	at org.jboss.vfs.VirtualFile.openStream(VirtualFile.java:318)
	at org.jboss.vfs.VFS.mountZipExpanded(VFS.java:533)
	at org.jboss.as.server.deployment.DeploymentMountProvider$Factory$ServerDeploymentRepositoryImpl.mountDeploymentContent(DeploymentMountProvider.java:108)
	at org.jboss.as.server.deployment.module.DeploymentRootMountProcessor.deploy(DeploymentRootMountProcessor.java:91)
	... 9 more

2018-08-01 10:26:34,090 INFO  [org.wildfly.extension.undertow] (MSC service thread 1-4) WFLYUT0006: Undertow HTTPS listener https listening on 127.0.0.1:8443
2018-08-01 10:26:34,375 INFO  [org.jboss.ws.common.management] (MSC service thread 1-8) JBWS022052: Starting JBossWS 5.2.1.Final (Apache CXF 3.2.4.jbossorg-1) 
2018-08-01 10:26:34,375 ERROR [org.jboss.as.controller.management-operation] (Controller Boot Thread) WFLYCTL0013: Operation ("add") failed - address: ([("deployment" => "jsf_course_war_exploded.war")]) - failure description: {"WFLYCTL0080: Failed services" => {"jboss.deployment.unit.\"jsf_course_war_exploded.war\".STRUCTURE" => "WFLYSRV0153: Failed to process phase STRUCTURE of deployment \"jsf_course_war_exploded.war\"
    Caused by: org.jboss.as.server.deployment.DeploymentUnitProcessingException: WFLYSRV0160: Failed to mount deployment content
    Caused by: java.io.FileNotFoundException: C:\\Dev_Victor\\JSF-Course\\out\\artifacts\\jsf_course_war_exploded.war (O sistema não pode encontrar o arquivo especificado)"}}
2018-08-01 10:26:34,406 INFO  [org.jboss.as.server] (Controller Boot Thread) WFLYSRV0010: Deployed "jsf_course_war_exploded.war" (runtime-name : "jsf_course_war_exploded.war")
2018-08-01 10:26:34,406 INFO  [org.jboss.as.controller] (Controller Boot Thread) WFLYCTL0183: Service status report
WFLYCTL0186:   Services which failed to start:      service jboss.deployment.unit."jsf_course_war_exploded.war".STRUCTURE: WFLYSRV0153: Failed to process phase STRUCTURE of deployment "jsf_course_war_exploded.war"

2018-08-01 10:26:34,546 INFO  [org.jboss.as.server] (Controller Boot Thread) WFLYSRV0212: Resuming server
2018-08-01 10:26:34,546 INFO  [org.jboss.as] (Controller Boot Thread) WFLYSRV0060: Http management interface listening on http://127.0.0.1:9990/management
2018-08-01 10:26:34,546 INFO  [org.jboss.as] (Controller Boot Thread) WFLYSRV0051: Admin console listening on http://127.0.0.1:9990
2018-08-01 10:26:34,546 ERROR [org.jboss.as] (Controller Boot Thread) WFLYSRV0026: WildFly Full 13.0.0.Final (WildFly Core 5.0.0.Final) started (with errors) in 8942ms - Started 292 of 514 services (1 services failed or missing dependencies, 308 services are lazy, passive or on-demand)
2018-08-01 10:26:34,997 INFO  [org.jboss.as.server.deployment] (MSC service thread 1-8) WFLYSRV0027: Starting deployment of "jsf_course.war" (runtime-name: "jsf_course.war")
2018-08-01 10:26:36,369 INFO  [org.jboss.weld.deployer] (MSC service thread 1-8) WFLYWELD0003: Processing weld deployment jsf_course.war
2018-08-01 10:26:36,547 INFO  [org.hibernate.validator.internal.util.Version] (MSC service thread 1-8) HV000001: Hibernate Validator 5.3.6.Final
2018-08-01 10:26:36,901 INFO  [org.jboss.weld.Version] (MSC service thread 1-5) WELD-000900: 3.0.4 (Final)
2018-08-01 10:26:37,334 WARN  [org.jboss.weld.Bootstrap] (MSC service thread 1-7) WELD-000146: BeforeBeanDiscovery.addAnnotatedType(AnnotatedType<?>) used for class org.jberet.creation.BatchBeanProducer is deprecated from CDI 1.1!
2018-08-01 10:26:37,349 WARN  [org.jboss.weld.Bootstrap] (MSC service thread 1-7) WELD-000146: BeforeBeanDiscovery.addAnnotatedType(AnnotatedType<?>) used for class org.hibernate.validator.internal.cdi.interceptor.ValidationInterceptor is deprecated from CDI 1.1!
2018-08-01 10:26:37,365 WARN  [org.jboss.weld.Bootstrap] (MSC service thread 1-7) WELD-000146: BeforeBeanDiscovery.addAnnotatedType(AnnotatedType<?>) used for class com.sun.faces.flow.FlowDiscoveryCDIHelper is deprecated from CDI 1.1!
2018-08-01 10:26:37,434 INFO  [org.infinispan.factories.GlobalComponentRegistry] (MSC service thread 1-1) ISPN000128: Infinispan version: Infinispan 'Gaina' 9.2.4.Final
2018-08-01 10:26:37,835 INFO  [org.jboss.as.clustering.infinispan] (ServerService Thread Pool -- 7) WFLYCLINF0002: Started client-mappings cache from ejb container
2018-08-01 10:26:38,035 INFO  [javax.enterprise.resource.webcontainer.jsf.config] (ServerService Thread Pool -- 7) Inicializando Mojarra 2.2.13.SP5  para o contexto '/jsf_course'
2018-08-01 10:26:39,740 WARNING [javax.enterprise.resource.webcontainer.jsf.config] (ServerService Thread Pool -- 7) JSF1025: [/jsf_course] O parâmetro de inicialização de contexto 'facelets.SKIP_COMMENTS' está desaprovado.  A opção continuará configurada, mas use 'javax.faces.FACELETS_SKIP_COMMENTS' no futuro.
2018-08-01 10:26:39,740 INFO  [javax.enterprise.resource.webcontainer.jsf.config] (ServerService Thread Pool -- 7) JSF1020: [/jsf_course] A opção de configuração 'javax.faces.FACELETS_SKIP_COMMENTS' foi REDEFINIDA para ATIVADO
2018-08-01 10:26:39,755 INFO  [org.primefaces.webapp.PostConstructApplicationEventListener] (ServerService Thread Pool -- 7) Running on PrimeFaces 6.2
2018-08-01 10:26:39,809 INFO  [org.wildfly.extension.undertow] (ServerService Thread Pool -- 7) WFLYUT0021: Registered web context: '/jsf_course' for server 'default-server'
2018-08-01 10:26:39,878 INFO  [org.jboss.as.server] (management-handler-thread - 1) WFLYSRV0010: Deployed "jsf_course.war" (runtime-name : "jsf_course.war")
2018-08-01 10:26:39,878 INFO  [org.jboss.as.controller] (management-handler-thread - 1) WFLYCTL0183: Service status report
WFLYCTL0186:   Services which failed to start:      service jboss.deployment.unit."jsf_course_war_exploded.war".STRUCTURE: WFLYSRV0153: Failed to process phase STRUCTURE of deployment "jsf_course_war_exploded.war"

2018-08-01 10:26:40,437 INFO  [stdout] (default task-1) Fazendo uma busca no BD
2018-08-01 10:26:40,437 INFO  [stdout] (default task-1) Processando os dados
2018-08-01 10:26:40,437 INFO  [stdout] (default task-1) Exibindo os dados
2018-08-01 10:26:40,437 INFO  [stdout] (default task-1) Fazendo uma busca no BD com o PARAMETRO: 
2018-08-01 10:26:40,437 INFO  [stdout] (default task-1) Processando os dados
2018-08-01 10:26:40,437 INFO  [stdout] (default task-1) Exibindo os dados
2018-08-01 10:26:40,437 INFO  [stdout] (default task-1) Fazendo uma busca no BD com o PARAMETRO: 
2018-08-01 10:26:40,437 INFO  [stdout] (default task-1) Processando os dados
2018-08-01 10:26:40,437 INFO  [stdout] (default task-1) Exibindo os dados
2018-08-01 10:26:41,075 INFO  [stdout] (default task-1) Fazendo uma busca no BD
2018-08-01 10:26:41,075 INFO  [stdout] (default task-1) Processando os dados
2018-08-01 10:26:41,075 INFO  [stdout] (default task-1) Exibindo os dados
2018-08-01 10:26:41,076 INFO  [stdout] (default task-1) Fazendo uma busca no BD com o PARAMETRO: 
2018-08-01 10:26:41,076 INFO  [stdout] (default task-1) Processando os dados
2018-08-01 10:26:41,076 INFO  [stdout] (default task-1) Exibindo os dados
2018-08-01 10:26:41,076 INFO  [stdout] (default task-1) Fazendo uma busca no BD com o PARAMETRO: 
2018-08-01 10:26:41,076 INFO  [stdout] (default task-1) Processando os dados
2018-08-01 10:26:41,077 INFO  [stdout] (default task-1) Exibindo os dados
2018-08-01 14:25:33,849 INFO  [org.wildfly.extension.undertow] (ServerService Thread Pool -- 69) WFLYUT0022: Unregistered web context: '/jsf_course' from server 'default-server'
2018-08-01 14:25:40,550 INFO  [org.jboss.as.server.deployment] (MSC service thread 1-3) WFLYSRV0028: Stopped deployment jsf_course.war (runtime-name: jsf_course.war) in 9368ms
2018-08-01 14:25:42,916 INFO  [org.jboss.as.server] (management-handler-thread - 2) WFLYSRV0009: Undeployed "jsf_course.war" (runtime-name: "jsf_course.war")
2018-08-01 14:25:42,927 INFO  [org.jboss.as.controller] (management-handler-thread - 2) WFLYCTL0183: Service status report
WFLYCTL0186:   Services which failed to start:      service jboss.deployment.unit."jsf_course_war_exploded.war".STRUCTURE: WFLYSRV0153: Failed to process phase STRUCTURE of deployment "jsf_course_war_exploded.war"

2018-08-01 14:25:44,403 INFO  [org.jboss.as.server] (management-handler-thread - 2) WFLYSRV0236: Suspending server with no timeout.
2018-08-01 14:25:45,712 INFO  [org.jboss.as.server] (Management Triggered Shutdown) WFLYSRV0241: Shutting down in response to management operation 'shutdown'
2018-08-01 14:25:45,731 INFO  [org.jboss.as.ejb3] (management-handler-thread - 2) WFLYEJB0493: EJB subsystem suspension complete
2018-08-01 14:26:00,901 INFO  [org.jboss.modules] (main) JBoss Modules version 1.8.5.Final
2018-08-01 14:26:10,133 INFO  [org.jboss.msc] (main) JBoss MSC version 1.4.2.Final
2018-08-01 14:26:10,163 INFO  [org.jboss.threads] (main) JBoss Threads version 2.3.2.Final
2018-08-01 14:26:13,503 INFO  [org.jboss.as] (MSC service thread 1-2) WFLYSRV0049: WildFly Full 13.0.0.Final (WildFly Core 5.0.0.Final) starting
2018-08-01 14:26:13,508 DEBUG [org.jboss.as.config] (MSC service thread 1-2) Configured system properties:
	awt.toolkit = sun.awt.windows.WToolkit
	file.encoding = Cp1252
	file.encoding.pkg = sun.io
	file.separator = \
	java.awt.graphicsenv = sun.awt.Win32GraphicsEnvironment
	java.awt.printerjob = sun.awt.windows.WPrinterJob
	java.class.path = C:\Dev_Victor\JSF-Course\wildfly-13.0.0.Final\jboss-modules.jar
	java.class.version = 52.0
	java.endorsed.dirs = C:\Program Files\Java\jdk1.8.0_162\jre\lib\endorsed
	java.ext.dirs = C:\Program Files\Java\jdk1.8.0_162\jre\lib\ext;C:\WINDOWS\Sun\Java\lib\ext
	java.home = C:\Program Files\Java\jdk1.8.0_162\jre
	java.io.tmpdir = C:\Users\jvleitao\AppData\Local\Temp\
	java.library.path = C:\Program Files\Java\jdk1.8.0_162\bin;C:\WINDOWS\Sun\Java\bin;C:\WINDOWS\system32;C:\WINDOWS;C:\Program Files (x86)\Common Files\Oracle\Java\javapath;C:\ProgramData\Oracle\Java\javapath;C:\WINDOWS\system32;C:\WINDOWS;C:\WINDOWS\System32\Wbem;C:\WINDOWS\System32\WindowsPowerShell\v1.0\;C:\Program Files\Java\jdk1.6.0_45\bin;C:\Program Files\Git\cmd;C:\Program Files\nodejs\;C:\WINDOWS\System32\OpenSSH\;C:\Program Files\Microsoft VS Code\bin;C:\Users\jvleitao\AppData\Local\Microsoft\WindowsApps;;C:\Program Files\Microsoft VS Code\bin;C:\Users\jvleitao\AppData\Roaming\npm;.
	java.net.preferIPv4Stack = true
	java.runtime.name = Java(TM) SE Runtime Environment
	java.runtime.version = 1.8.0_162-b12
	java.specification.name = Java Platform API Specification
	java.specification.vendor = Oracle Corporation
	java.specification.version = 1.8
	java.util.logging.manager = org.jboss.logmanager.LogManager
	java.vendor = Oracle Corporation
	java.vendor.url = http://java.oracle.com/
	java.vendor.url.bug = http://bugreport.sun.com/bugreport/
	java.version = 1.8.0_162
	java.vm.info = mixed mode
	java.vm.name = Java HotSpot(TM) 64-Bit Server VM
	java.vm.specification.name = Java Virtual Machine Specification
	java.vm.specification.vendor = Oracle Corporation
	java.vm.specification.version = 1.8
	java.vm.vendor = Oracle Corporation
	java.vm.version = 25.162-b12
	javax.management.builder.initial = org.jboss.as.jmx.PluggableMBeanServerBuilder
	jboss.home.dir = C:\Dev_Victor\JSF-Course\wildfly-13.0.0.Final
	jboss.host.name = desktop-7acfmul
	jboss.modules.dir = C:\Dev_Victor\JSF-Course\wildfly-13.0.0.Final\modules
	jboss.modules.system.pkgs = org.jboss.byteman
	jboss.node.name = desktop-7acfmul
	jboss.qualified.host.name = desktop-7acfmul
	jboss.server.base.dir = C:\Dev_Victor\JSF-Course\wildfly-13.0.0.Final\standalone
	jboss.server.config.dir = C:\Dev_Victor\JSF-Course\wildfly-13.0.0.Final\standalone\configuration
	jboss.server.data.dir = C:\Dev_Victor\JSF-Course\wildfly-13.0.0.Final\standalone\data
	jboss.server.deploy.dir = C:\Dev_Victor\JSF-Course\wildfly-13.0.0.Final\standalone\data\content
	jboss.server.log.dir = C:\Dev_Victor\JSF-Course\wildfly-13.0.0.Final\standalone\log
	jboss.server.name = desktop-7acfmul
	jboss.server.persist.config = true
	jboss.server.temp.dir = C:\Dev_Victor\JSF-Course\wildfly-13.0.0.Final\standalone\tmp
	line.separator = 

	logging.configuration = file:C:\Dev_Victor\JSF-Course\wildfly-13.0.0.Final\standalone\configuration/logging.properties
	module.path = C:\Dev_Victor\JSF-Course\wildfly-13.0.0.Final\modules
	org.jboss.boot.log.file = C:\Dev_Victor\JSF-Course\wildfly-13.0.0.Final\standalone\log\server.log
	org.jboss.resolver.warning = true
	os.arch = amd64
	os.name = Windows 10
	os.version = 10.0
	path.separator = ;
	program.name = standalone.bat
	sun.arch.data.model = 64
	sun.boot.class.path = C:\Program Files\Java\jdk1.8.0_162\jre\lib\resources.jar;C:\Program Files\Java\jdk1.8.0_162\jre\lib\rt.jar;C:\Program Files\Java\jdk1.8.0_162\jre\lib\sunrsasign.jar;C:\Program Files\Java\jdk1.8.0_162\jre\lib\jsse.jar;C:\Program Files\Java\jdk1.8.0_162\jre\lib\jce.jar;C:\Program Files\Java\jdk1.8.0_162\jre\lib\charsets.jar;C:\Program Files\Java\jdk1.8.0_162\jre\lib\jfr.jar;C:\Program Files\Java\jdk1.8.0_162\jre\classes
	sun.boot.library.path = C:\Program Files\Java\jdk1.8.0_162\jre\bin
	sun.cpu.endian = little
	sun.cpu.isalist = amd64
	sun.desktop = windows
	sun.io.unicode.encoding = UnicodeLittle
	sun.java.command = C:\Dev_Victor\JSF-Course\wildfly-13.0.0.Final\jboss-modules.jar -mp C:\Dev_Victor\JSF-Course\wildfly-13.0.0.Final\modules org.jboss.as.standalone -Djboss.home.dir=C:\Dev_Victor\JSF-Course\wildfly-13.0.0.Final
	sun.java.launcher = SUN_STANDARD
	sun.jnu.encoding = Cp1252
	sun.management.compiler = HotSpot 64-Bit Tiered Compilers
	sun.os.patch.level = 
	user.country = BR
	user.dir = C:\Dev_Victor\JSF-Course\wildfly-13.0.0.Final\bin
	user.home = C:\Users\jvleitao
	user.language = pt
	user.name = jvleitao
	user.script = 
	user.timezone = GMT-03:00
	user.variant = 
2018-08-01 14:26:13,511 DEBUG [org.jboss.as.config] (MSC service thread 1-2) VM Arguments: -Dprogram.name=standalone.bat -Xms64M -Xmx512M -XX:MetaspaceSize=96M -XX:MaxMetaspaceSize=256m -Djava.net.preferIPv4Stack=true -Djboss.modules.system.pkgs=org.jboss.byteman -Dorg.jboss.boot.log.file=C:\Dev_Victor\JSF-Course\wildfly-13.0.0.Final\standalone\log\server.log -Dlogging.configuration=file:C:\Dev_Victor\JSF-Course\wildfly-13.0.0.Final\standalone\configuration/logging.properties 
2018-08-01 14:26:33,045 INFO  [org.jboss.as.controller.management-deprecated] (Controller Boot Thread) WFLYCTL0028: Attribute 'security-realm' in the resource at address '/core-service=management/management-interface=http-interface' is deprecated, and may be removed in a future version. See the attribute description in the output of the read-resource-description operation to learn more about the deprecation.
2018-08-01 14:26:33,092 INFO  [org.jboss.as.controller.management-deprecated] (ServerService Thread Pool -- 17) WFLYCTL0028: Attribute 'security-realm' in the resource at address '/subsystem=undertow/server=default-server/https-listener=https' is deprecated, and may be removed in a future version. See the attribute description in the output of the read-resource-description operation to learn more about the deprecation.
2018-08-01 14:26:33,130 INFO  [org.wildfly.security] (ServerService Thread Pool -- 6) ELY00001: WildFly Elytron version 1.3.3.Final
2018-08-01 14:26:33,223 INFO  [org.jboss.as.server] (Controller Boot Thread) WFLYSRV0039: Creating http management service using socket-binding (management-http)
2018-08-01 14:26:33,258 INFO  [org.xnio] (MSC service thread 1-1) XNIO version 3.6.3.Final
2018-08-01 14:26:33,375 INFO  [org.xnio.nio] (MSC service thread 1-1) XNIO NIO Implementation Version 3.6.3.Final
2018-08-01 14:26:33,446 INFO  [org.jboss.as.security] (ServerService Thread Pool -- 60) WFLYSEC0002: Activating Security Subsystem
2018-08-01 14:26:33,441 WARN  [org.jboss.as.txn] (ServerService Thread Pool -- 62) WFLYTX0013: The node-identifier attribute on the /subsystem=transactions is set to the default value. This is a danger for environments running multiple servers. Please make sure the attribute value is unique.
2018-08-01 14:26:33,453 INFO  [org.jboss.as.naming] (ServerService Thread Pool -- 54) WFLYNAM0001: Activating Naming Subsystem
2018-08-01 14:26:33,583 INFO  [org.jboss.as.clustering.infinispan] (ServerService Thread Pool -- 45) WFLYCLINF0001: Activating Infinispan subsystem.
2018-08-01 14:26:33,794 INFO  [org.jboss.as.security] (MSC service thread 1-4) WFLYSEC0001: Current PicketBox version=5.0.2.Final
2018-08-01 14:26:33,849 INFO  [org.jboss.as.jsf] (ServerService Thread Pool -- 52) WFLYJSF0007: Activated the following JSF Implementations: [main]
2018-08-01 14:26:33,878 INFO  [org.jboss.as.webservices] (ServerService Thread Pool -- 64) WFLYWS0002: Activating WebServices Extension
2018-08-01 14:26:34,126 INFO  [org.jboss.as.ee] (ServerService Thread Pool -- 41) WFLYEE0119: The system property 'ee8.preview.mode' is NOT set to 'true'. For provided EE 8 APIs where the EE 8 version of the API differs from what is supported in EE 7, the EE 7 variant of the API will be used. Support for this setting will be removed once all EE 8 APIs are provided and certified.
2018-08-01 14:26:34,236 INFO  [org.jboss.as.connector] (MSC service thread 1-5) WFLYJCA0009: Starting JCA Subsystem (WildFly/IronJacamar 1.4.9.Final)
2018-08-01 14:26:34,869 INFO  [org.jboss.as.connector.subsystems.datasources] (ServerService Thread Pool -- 38) WFLYJCA0004: Deploying JDBC-compliant driver class org.h2.Driver (version 1.4)
2018-08-01 14:26:34,930 INFO  [org.jboss.as.connector.deployers.jdbc] (MSC service thread 1-5) WFLYJCA0018: Started Driver service with driver-name = h2
2018-08-01 14:26:34,998 INFO  [org.wildfly.extension.io] (ServerService Thread Pool -- 46) WFLYIO001: Worker 'default' has auto-configured to 8 core threads with 64 task threads based on your 4 available processors
2018-08-01 14:26:35,746 INFO  [org.wildfly.extension.undertow] (MSC service thread 1-8) WFLYUT0003: Undertow 2.0.9.Final starting
2018-08-01 14:26:36,072 INFO  [org.jboss.remoting] (MSC service thread 1-1) JBoss Remoting version 5.0.7.Final
2018-08-01 14:26:36,563 INFO  [org.jboss.as.jaxrs] (ServerService Thread Pool -- 47) WFLYRS0016: RESTEasy version 3.5.1.Final
2018-08-01 14:26:36,644 INFO  [org.jboss.as.naming] (MSC service thread 1-1) WFLYNAM0003: Starting Naming Service
2018-08-01 14:26:36,645 INFO  [org.jboss.as.mail.extension] (MSC service thread 1-3) WFLYMAIL0001: Bound mail session [java:jboss/mail/Default]
2018-08-01 14:26:38,929 INFO  [org.jboss.as.ejb3] (MSC service thread 1-6) WFLYEJB0482: Strict pool mdb-strict-max-pool is using a max instance size of 16 (per class), which is derived from the number of CPUs on this host.
2018-08-01 14:26:38,930 INFO  [org.jboss.as.ejb3] (MSC service thread 1-4) WFLYEJB0481: Strict pool slsb-strict-max-pool is using a max instance size of 64 (per class), which is derived from thread worker pool sizing.
2018-08-01 14:26:38,930 INFO  [org.jboss.as.ejb3] (MSC service thread 1-5) WFLYEJB0493: EJB subsystem suspension complete
2018-08-01 14:26:39,836 INFO  [org.jboss.as.connector.subsystems.datasources] (MSC service thread 1-5) WFLYJCA0001: Bound data source [java:jboss/datasources/ExampleDS]
2018-08-01 14:26:40,132 INFO  [org.wildfly.extension.undertow] (ServerService Thread Pool -- 63) WFLYUT0014: Creating file handler for path 'C:\Dev_Victor\JSF-Course\wildfly-13.0.0.Final/welcome-content' with options [directory-listing: 'false', follow-symlink: 'false', case-sensitive: 'true', safe-symlink-paths: '[]']
2018-08-01 14:26:40,578 INFO  [org.wildfly.extension.undertow] (MSC service thread 1-2) WFLYUT0012: Started server default-server.
2018-08-01 14:26:40,620 INFO  [org.wildfly.extension.undertow] (MSC service thread 1-4) WFLYUT0018: Host default-host starting
2018-08-01 14:26:41,166 INFO  [org.wildfly.extension.undertow] (MSC service thread 1-1) WFLYUT0006: Undertow HTTP listener default listening on 127.0.0.1:8080
2018-08-01 14:26:49,734 INFO  [org.jboss.as.patching] (MSC service thread 1-1) WFLYPAT0050: WildFly Full cumulative patch ID is: base, one-off patches include: none
2018-08-01 14:26:50,052 WARN  [org.jboss.as.domain.management.security] (MSC service thread 1-1) WFLYDM0111: Keystore C:\Dev_Victor\JSF-Course\wildfly-13.0.0.Final\standalone\configuration\application.keystore not found, it will be auto generated on first use with a self signed certificate for host localhost
2018-08-01 14:26:50,115 INFO  [org.jboss.as.server.deployment.scanner] (MSC service thread 1-8) WFLYDS0013: Started FileSystemDeploymentService for directory C:\Dev_Victor\JSF-Course\wildfly-13.0.0.Final\standalone\deployments
2018-08-01 14:26:50,220 INFO  [org.jboss.as.server.deployment] (MSC service thread 1-7) WFLYSRV0027: Starting deployment of "jsf_course_war_exploded.war" (runtime-name: "jsf_course_war_exploded.war")
2018-08-01 14:26:50,242 ERROR [org.jboss.msc.service.fail] (MSC service thread 1-1) MSC000001: Failed to start service jboss.deployment.unit."jsf_course_war_exploded.war".STRUCTURE: org.jboss.msc.service.StartException in service jboss.deployment.unit."jsf_course_war_exploded.war".STRUCTURE: WFLYSRV0153: Failed to process phase STRUCTURE of deployment "jsf_course_war_exploded.war"
	at org.jboss.as.server.deployment.DeploymentUnitPhaseService.start(DeploymentUnitPhaseService.java:150)
	at org.jboss.msc.service.ServiceControllerImpl$StartTask.startService(ServiceControllerImpl.java:1736)
	at org.jboss.msc.service.ServiceControllerImpl$StartTask.execute(ServiceControllerImpl.java:1698)
	at org.jboss.msc.service.ServiceControllerImpl$ControllerTask.run(ServiceControllerImpl.java:1556)
	at org.jboss.threads.ContextClassLoaderSavingRunnable.run(ContextClassLoaderSavingRunnable.java:35)
	at org.jboss.threads.EnhancedQueueExecutor.safeRun(EnhancedQueueExecutor.java:1985)
	at org.jboss.threads.EnhancedQueueExecutor$ThreadBody.doRunTask(EnhancedQueueExecutor.java:1487)
	at org.jboss.threads.EnhancedQueueExecutor$ThreadBody.run(EnhancedQueueExecutor.java:1378)
	at java.lang.Thread.run(Thread.java:748)
Caused by: org.jboss.as.server.deployment.DeploymentUnitProcessingException: WFLYSRV0160: Failed to mount deployment content
	at org.jboss.as.server.deployment.module.DeploymentRootMountProcessor.deploy(DeploymentRootMountProcessor.java:95)
	at org.jboss.as.server.deployment.DeploymentUnitPhaseService.start(DeploymentUnitPhaseService.java:143)
	... 8 more
Caused by: java.io.FileNotFoundException: C:\Dev_Victor\JSF-Course\out\artifacts\jsf_course_war_exploded.war (O sistema não pode encontrar o arquivo especificado)
	at java.io.FileInputStream.open0(Native Method)
	at java.io.FileInputStream.open(FileInputStream.java:195)
	at java.io.FileInputStream.<init>(FileInputStream.java:138)
	at org.jboss.vfs.spi.RootFileSystem.openInputStream(RootFileSystem.java:51)
	at org.jboss.vfs.VirtualFile.openStream(VirtualFile.java:318)
	at org.jboss.vfs.VFS.mountZipExpanded(VFS.java:533)
	at org.jboss.as.server.deployment.DeploymentMountProvider$Factory$ServerDeploymentRepositoryImpl.mountDeploymentContent(DeploymentMountProvider.java:108)
	at org.jboss.as.server.deployment.module.DeploymentRootMountProcessor.deploy(DeploymentRootMountProcessor.java:91)
	... 9 more

2018-08-01 14:26:50,428 INFO  [org.wildfly.extension.undertow] (MSC service thread 1-4) WFLYUT0006: Undertow HTTPS listener https listening on 127.0.0.1:8443
2018-08-01 14:26:53,762 INFO  [org.jboss.ws.common.management] (MSC service thread 1-8) JBWS022052: Starting JBossWS 5.2.1.Final (Apache CXF 3.2.4.jbossorg-1) 
2018-08-01 14:26:53,789 ERROR [org.jboss.as.controller.management-operation] (Controller Boot Thread) WFLYCTL0013: Operation ("add") failed - address: ([("deployment" => "jsf_course_war_exploded.war")]) - failure description: {"WFLYCTL0080: Failed services" => {"jboss.deployment.unit.\"jsf_course_war_exploded.war\".STRUCTURE" => "WFLYSRV0153: Failed to process phase STRUCTURE of deployment \"jsf_course_war_exploded.war\"
    Caused by: org.jboss.as.server.deployment.DeploymentUnitProcessingException: WFLYSRV0160: Failed to mount deployment content
    Caused by: java.io.FileNotFoundException: C:\\Dev_Victor\\JSF-Course\\out\\artifacts\\jsf_course_war_exploded.war (O sistema não pode encontrar o arquivo especificado)"}}
2018-08-01 14:26:53,876 INFO  [org.jboss.as.server] (Controller Boot Thread) WFLYSRV0010: Deployed "jsf_course_war_exploded.war" (runtime-name : "jsf_course_war_exploded.war")
2018-08-01 14:26:53,877 INFO  [org.jboss.as.controller] (Controller Boot Thread) WFLYCTL0183: Service status report
WFLYCTL0186:   Services which failed to start:      service jboss.deployment.unit."jsf_course_war_exploded.war".STRUCTURE: WFLYSRV0153: Failed to process phase STRUCTURE of deployment "jsf_course_war_exploded.war"

2018-08-01 14:26:54,052 INFO  [org.jboss.as.server] (Controller Boot Thread) WFLYSRV0212: Resuming server
2018-08-01 14:26:54,054 INFO  [org.jboss.as] (Controller Boot Thread) WFLYSRV0060: Http management interface listening on http://127.0.0.1:9990/management
2018-08-01 14:26:54,054 INFO  [org.jboss.as] (Controller Boot Thread) WFLYSRV0051: Admin console listening on http://127.0.0.1:9990
2018-08-01 14:26:54,054 ERROR [org.jboss.as] (Controller Boot Thread) WFLYSRV0026: WildFly Full 13.0.0.Final (WildFly Core 5.0.0.Final) started (with errors) in 61536ms - Started 292 of 514 services (1 services failed or missing dependencies, 308 services are lazy, passive or on-demand)
2018-08-01 14:26:54,682 INFO  [org.jboss.as.server.deployment] (MSC service thread 1-2) WFLYSRV0027: Starting deployment of "jsf_course.war" (runtime-name: "jsf_course.war")
2018-08-01 14:27:00,244 INFO  [org.jboss.weld.deployer] (MSC service thread 1-7) WFLYWELD0003: Processing weld deployment jsf_course.war
2018-08-01 14:27:00,867 INFO  [org.hibernate.validator.internal.util.Version] (MSC service thread 1-7) HV000001: Hibernate Validator 5.3.6.Final
2018-08-01 14:27:02,770 INFO  [org.jboss.weld.Version] (MSC service thread 1-1) WELD-000900: 3.0.4 (Final)
2018-08-01 14:27:04,110 INFO  [org.infinispan.factories.GlobalComponentRegistry] (MSC service thread 1-2) ISPN000128: Infinispan version: Infinispan 'Gaina' 9.2.4.Final
2018-08-01 14:27:04,526 WARN  [org.jboss.weld.Bootstrap] (MSC service thread 1-8) WELD-000146: BeforeBeanDiscovery.addAnnotatedType(AnnotatedType<?>) used for class org.hibernate.validator.internal.cdi.interceptor.ValidationInterceptor is deprecated from CDI 1.1!
2018-08-01 14:27:04,543 WARN  [org.jboss.weld.Bootstrap] (MSC service thread 1-8) WELD-000146: BeforeBeanDiscovery.addAnnotatedType(AnnotatedType<?>) used for class org.jberet.creation.BatchBeanProducer is deprecated from CDI 1.1!
2018-08-01 14:27:04,620 WARN  [org.jboss.weld.Bootstrap] (MSC service thread 1-8) WELD-000146: BeforeBeanDiscovery.addAnnotatedType(AnnotatedType<?>) used for class com.sun.faces.flow.FlowDiscoveryCDIHelper is deprecated from CDI 1.1!
2018-08-01 14:27:05,125 INFO  [org.jboss.as.clustering.infinispan] (ServerService Thread Pool -- 11) WFLYCLINF0002: Started client-mappings cache from ejb container
2018-08-01 14:27:06,173 INFO  [javax.enterprise.resource.webcontainer.jsf.config] (ServerService Thread Pool -- 13) Inicializando Mojarra 2.2.13.SP5  para o contexto '/jsf_course'
2018-08-01 14:27:09,042 WARNING [javax.enterprise.resource.webcontainer.jsf.config] (ServerService Thread Pool -- 13) JSF1025: [/jsf_course] O parâmetro de inicialização de contexto 'facelets.SKIP_COMMENTS' está desaprovado.  A opção continuará configurada, mas use 'javax.faces.FACELETS_SKIP_COMMENTS' no futuro.
2018-08-01 14:27:09,042 INFO  [javax.enterprise.resource.webcontainer.jsf.config] (ServerService Thread Pool -- 13) JSF1020: [/jsf_course] A opção de configuração 'javax.faces.FACELETS_SKIP_COMMENTS' foi REDEFINIDA para ATIVADO
2018-08-01 14:27:09,093 INFO  [org.primefaces.webapp.PostConstructApplicationEventListener] (ServerService Thread Pool -- 13) Running on PrimeFaces 6.2
2018-08-01 14:27:09,202 INFO  [org.wildfly.extension.undertow] (ServerService Thread Pool -- 13) WFLYUT0021: Registered web context: '/jsf_course' for server 'default-server'
2018-08-01 14:27:09,239 INFO  [org.jboss.as.server] (management-handler-thread - 1) WFLYSRV0010: Deployed "jsf_course.war" (runtime-name : "jsf_course.war")
2018-08-01 14:27:09,240 INFO  [org.jboss.as.controller] (management-handler-thread - 1) WFLYCTL0183: Service status report
WFLYCTL0186:   Services which failed to start:      service jboss.deployment.unit."jsf_course_war_exploded.war".STRUCTURE: WFLYSRV0153: Failed to process phase STRUCTURE of deployment "jsf_course_war_exploded.war"

2018-08-01 14:27:10,726 INFO  [stdout] (default task-1) Fazendo uma busca no BD
2018-08-01 14:27:10,727 INFO  [stdout] (default task-1) Processando os dados
2018-08-01 14:27:10,727 INFO  [stdout] (default task-1) Exibindo os dados
2018-08-01 14:27:10,727 INFO  [stdout] (default task-1) Fazendo uma busca no BD com o PARAMETRO: 
2018-08-01 14:27:10,727 INFO  [stdout] (default task-1) Processando os dados
2018-08-01 14:27:10,728 INFO  [stdout] (default task-1) Exibindo os dados
2018-08-01 14:27:10,728 INFO  [stdout] (default task-1) Fazendo uma busca no BD com o PARAMETRO: 
2018-08-01 14:27:10,728 INFO  [stdout] (default task-1) Processando os dados
2018-08-01 14:27:10,728 INFO  [stdout] (default task-1) Exibindo os dados
2018-08-01 14:27:13,334 INFO  [stdout] (default task-2) Fazendo uma busca no BD
2018-08-01 14:27:13,334 INFO  [stdout] (default task-2) Processando os dados
2018-08-01 14:27:13,335 INFO  [stdout] (default task-2) Exibindo os dados
2018-08-01 14:27:13,335 INFO  [stdout] (default task-2) Fazendo uma busca no BD com o PARAMETRO: 
2018-08-01 14:27:13,335 INFO  [stdout] (default task-2) Processando os dados
2018-08-01 14:27:13,336 INFO  [stdout] (default task-2) Exibindo os dados
2018-08-01 14:27:13,337 INFO  [stdout] (default task-2) Fazendo uma busca no BD com o PARAMETRO: 
2018-08-01 14:27:13,337 INFO  [stdout] (default task-2) Processando os dados
2018-08-01 14:27:13,337 INFO  [stdout] (default task-2) Exibindo os dados
